0 info it worked if it ends with ok
1 verbose cli [ 'C:\\Program Files\\nodejs\\node.exe',
1 verbose cli   'C:\\Users\\smadanayakan\\AppData\\Roaming\\npm\\node_modules\\npm\\bin\\npm-cli.js',
1 verbose cli   'start' ]
2 info using npm@4.0.2
3 info using node@v6.10.3
4 verbose run-script [ 'prestart', 'start', 'poststart' ]
5 info lifecycle couponbank@0.0.1~prestart: couponbank@0.0.1
6 silly lifecycle couponbank@0.0.1~prestart: no script for prestart, continuing
7 info lifecycle couponbank@0.0.1~start: couponbank@0.0.1
8 verbose lifecycle couponbank@0.0.1~start: unsafe-perm in lifecycle true
9 verbose lifecycle couponbank@0.0.1~start: PATH: C:\Users\smadanayakan\AppData\Roaming\npm\node_modules\npm\bin\node-gyp-bin;C:\Workspace\CouponBank\node_modules\.bin;C:\Windows\system32;C:\Windows;C:\Windows\System32\Wbem;C:\Windows\System32\WindowsPowerShell\v1.0\;C:\Program Files\Lenovo\Fingerprint Manager Pro\;C:\Program Files (x86)\Common Files\Check Point\UIFramework 3.0\Bin\;C:\Program Files (x86)\CheckPoint\Endpoint Security\Endpoint Common\bin;C:\Program Files\nodejs\;C:\Program Files\Git\cmd;C:\Program Files\Java\jre1.8.0_91\bin;C:\Program Files (x86)\Microsoft VS Code\bin;C:\Users\smadanayakan\AppData\Roaming\npm;C:\Program Files\Heroku\bin
10 verbose lifecycle couponbank@0.0.1~start: CWD: C:\Workspace\CouponBank
11 silly lifecycle couponbank@0.0.1~start: Args: [ '/d /s /c', 'node server.js' ]
12 silly lifecycle couponbank@0.0.1~start: Returned: code: 3221225786  signal: null
13 info lifecycle couponbank@0.0.1~start: Failed to exec start script
14 verbose stack Error: couponbank@0.0.1 start: `node server.js`
14 verbose stack Exit status 3221225786
14 verbose stack     at EventEmitter.<anonymous> (C:\Users\smadanayakan\AppData\Roaming\npm\node_modules\npm\lib\utils\lifecycle.js:279:16)
14 verbose stack     at emitTwo (events.js:106:13)
14 verbose stack     at EventEmitter.emit (events.js:191:7)
14 verbose stack     at ChildProcess.<anonymous> (C:\Users\smadanayakan\AppData\Roaming\npm\node_modules\npm\lib\utils\spawn.js:40:14)
14 verbose stack     at emitTwo (events.js:106:13)
14 verbose stack     at ChildProcess.emit (events.js:191:7)
14 verbose stack     at maybeClose (internal/child_process.js:886:16)
14 verbose stack     at Process.ChildProcess._handle.onexit (internal/child_process.js:226:5)
15 verbose pkgid couponbank@0.0.1
16 verbose cwd C:\Workspace\CouponBank
17 error Windows_NT 6.3.9600
18 error argv "C:\\Program Files\\nodejs\\node.exe" "C:\\Users\\smadanayakan\\AppData\\Roaming\\npm\\node_modules\\npm\\bin\\npm-cli.js" "start"
19 error node v6.10.3
20 error npm  v4.0.2
21 error code ELIFECYCLE
22 error couponbank@0.0.1 start: `node server.js`
22 error Exit status 3221225786
23 error Failed at the couponbank@0.0.1 start script 'node server.js'.
23 error Make sure you have the latest version of node.js and npm installed.
23 error If you do, this is most likely a problem with the couponbank package,
23 error not with npm itself.
23 error Tell the author that this fails on your system:
23 error     node server.js
23 error You can get information on how to open an issue for this project with:
23 error     npm bugs couponbank
23 error Or if that isn't available, you can get their info via:
23 error     npm owner ls couponbank
23 error There is likely additional logging output above.
24 verbose exit [ 1, true ]
